<?xml version="1.0" encoding="UTF-8"?>
<!-- Generated by org.testng.reporters.JUnitReportReporter -->
<testsuite hostname="DESKTOP-CT6PMDD" failures="0" tests="2" name="cucumber.TestNGTestRunnerForCucumber" time="17.042" errors="0" timestamp="2022-11-10T08:28:45 IST" skipped="0">
  <testcase classname="cucumber.TestNGTestRunnerForCucumber" name="runScenario" time="12.110"/>
  <system-out/>
  <testcase classname="cucumber.TestNGTestRunnerForCucumber" name="runScenario" time="4.932"/>
  <system-out/>
</testsuite> <!-- cucumber.TestNGTestRunnerForCucumber -->
