<?xml version="1.0" encoding="UTF-8"?>
<!-- Generated by org.testng.reporters.JUnitReportReporter -->
<testsuite hostname="DESKTOP-CT6PMDD" failures="0" tests="3" name="Ratul.SeleniumTestNGFrameworkDesign.SubmitOrderTest" time="35.255" errors="0" timestamp="2023-01-26T23:07:54 IST" skipped="0">
  <testcase classname="Ratul.SeleniumTestNGFrameworkDesign.SubmitOrderTest" name="SubmitOrder" time="11.487"/>
  <system-out/>
  <testcase classname="Ratul.SeleniumTestNGFrameworkDesign.SubmitOrderTest" name="SubmitOrder" time="10.883"/>
  <system-out/>
  <testcase classname="Ratul.SeleniumTestNGFrameworkDesign.SubmitOrderTest" name="SubmitOrder" time="12.885"/>
  <system-out/>
</testsuite> <!-- Ratul.SeleniumTestNGFrameworkDesign.SubmitOrderTest -->
