<?xml version="1.0" encoding="UTF-8"?>
<!-- Generated by org.testng.reporters.JUnitReportReporter -->
<testsuite hostname="DESKTOP-CT6PMDD" failures="0" tests="3" name="Ratul.SeleniumTestNGFrameworkDesign.SubmitOrderTest" time="57.072" errors="0" timestamp="2022-11-10T00:07:55 IST" skipped="0">
  <testcase classname="Ratul.SeleniumTestNGFrameworkDesign.SubmitOrderTest" name="SubmitOrder" time="25.767"/>
  <system-out/>
  <testcase classname="Ratul.SeleniumTestNGFrameworkDesign.SubmitOrderTest" name="SubmitOrder" time="7.386"/>
  <system-out/>
  <testcase classname="Ratul.SeleniumTestNGFrameworkDesign.SubmitOrderTest" name="SubmitOrder" time="23.919"/>
  <system-out/>
</testsuite> <!-- Ratul.SeleniumTestNGFrameworkDesign.SubmitOrderTest -->
